<?xml version="1.0" encoding="UTF-8"?>
<robot generator="Robot 4.0 (Python 3.9.1 on darwin)" generated="20210403 13:07:16.274" rpa="false" schemaversion="2">
<suite id="s1" name="TestAutomationPractice" source="/Users/sgtab/Documents/GitHub/robot/AutomationPractice/tests/TestAutomationPractice.robot">
<test id="s1-t1" name="Test Case 01: Search for existing product">
<kw name="Open Browser" library="SeleniumLibrary" type="SETUP">
<doc>Opens a new browser instance to the optional ``url``.</doc>
<msg timestamp="20210403 13:07:16.579" level="INFO">Opening browser 'firefox' to base url 'None'.</msg>
<msg timestamp="20210403 13:07:16.581" level="INFO">Firefox driver log is always forced to to: /Users/sgtab/Documents/GitHub/robot/AutomationPractice/results/geckodriver-1.log</msg>
<status status="PASS" starttime="20210403 13:07:16.579" endtime="20210403 13:07:20.333"/>
</kw>
<kw name="Access website's home page" library="Resource">
<kw name="Go To" library="SeleniumLibrary">
<arg>${URL}</arg>
<doc>Navigates the current browser window to the provided ``url``.</doc>
<msg timestamp="20210403 13:07:20.335" level="INFO">Opening url 'http://automationpractice.com'</msg>
<status status="PASS" starttime="20210403 13:07:20.335" endtime="20210403 13:07:26.012"/>
</kw>
<kw name="Title Should Be" library="SeleniumLibrary">
<arg>My Store</arg>
<doc>Verifies that the current page title equals ``title``.</doc>
<msg timestamp="20210403 13:07:26.028" level="INFO">Page title is 'My Store'.</msg>
<status status="PASS" starttime="20210403 13:07:26.013" endtime="20210403 13:07:26.028"/>
</kw>
<status status="PASS" starttime="20210403 13:07:20.334" endtime="20210403 13:07:26.028"/>
</kw>
<kw name="Type in product's name &quot;Blouse&quot; on the search field" library="Resource" sourcename="Type in product's name &quot;${PRODUCT}&quot; on the search field">
<kw name="Input Text" library="SeleniumLibrary">
<arg>id=search_query_top</arg>
<arg>${PRODUCT}</arg>
<doc>Types the given ``text`` into the text field identified by ``locator``.</doc>
<msg timestamp="20210403 13:07:26.031" level="INFO">Typing text 'Blouse' into text field 'id=search_query_top'.</msg>
<status status="PASS" starttime="20210403 13:07:26.030" endtime="20210403 13:07:26.083"/>
</kw>
<status status="PASS" starttime="20210403 13:07:26.029" endtime="20210403 13:07:26.083"/>
</kw>
<kw name="Click &quot;Search&quot; button" library="Resource">
<kw name="Click Button" library="SeleniumLibrary">
<arg>name=submit_search</arg>
<doc>Clicks the button identified by ``locator``.</doc>
<msg timestamp="20210403 13:07:26.084" level="INFO">Clicking button 'name=submit_search'.</msg>
<status status="PASS" starttime="20210403 13:07:26.084" endtime="20210403 13:07:27.919"/>
</kw>
<status status="PASS" starttime="20210403 13:07:26.083" endtime="20210403 13:07:27.919"/>
</kw>
<kw name="Check if the product &quot;Blouse&quot; is presented on the screen" library="Resource" sourcename="Check if the product &quot;${PRODUCT}&quot; is presented on the screen">
<kw name="Wait Until Element Is Visible" library="SeleniumLibrary">
<arg>css=#center_column &gt; h1</arg>
<doc>Waits until the element ``locator`` is visible.</doc>
<status status="PASS" starttime="20210403 13:07:27.920" endtime="20210403 13:07:27.950"/>
</kw>
<kw name="Title Should Be" library="SeleniumLibrary">
<arg>Search - My Store</arg>
<doc>Verifies that the current page title equals ``title``.</doc>
<msg timestamp="20210403 13:07:27.953" level="INFO">Page title is 'Search - My Store'.</msg>
<status status="PASS" starttime="20210403 13:07:27.950" endtime="20210403 13:07:27.954"/>
</kw>
<kw name="Page Should Contain Image" library="SeleniumLibrary">
<arg>xpath=/html/body/div/div[2]/div/div[3]/div[2]//*[@src='http://automationpractice.com/img/p/7/7-home_default.jpg']</arg>
<doc>Verifies image identified by ``locator`` is found from current page.</doc>
<msg timestamp="20210403 13:07:27.963" level="INFO">Current page contains image 'xpath=/html/body/div/div[2]/div/div[3]/div[2]//*[@src='http://automationpractice.com/img/p/7/7-home_default.jpg']'.</msg>
<status status="PASS" starttime="20210403 13:07:27.954" endtime="20210403 13:07:27.963"/>
</kw>
<status status="PASS" starttime="20210403 13:07:27.919" endtime="20210403 13:07:27.964"/>
</kw>
<kw name="Close Browser" library="SeleniumLibrary" type="TEARDOWN">
<doc>Closes the current browser.</doc>
<status status="PASS" starttime="20210403 13:07:27.964" endtime="20210403 13:07:28.520"/>
</kw>
<status status="PASS" starttime="20210403 13:07:16.579" endtime="20210403 13:07:28.520"/>
</test>
<test id="s1-t2" name="Test Case 02: Search for non-existing product">
<kw name="Open Browser" library="SeleniumLibrary" type="SETUP">
<doc>Opens a new browser instance to the optional ``url``.</doc>
<msg timestamp="20210403 13:07:28.523" level="INFO">Opening browser 'firefox' to base url 'None'.</msg>
<msg timestamp="20210403 13:07:28.524" level="INFO">Firefox driver log is always forced to to: /Users/sgtab/Documents/GitHub/robot/AutomationPractice/results/geckodriver-2.log</msg>
<status status="PASS" starttime="20210403 13:07:28.522" endtime="20210403 13:07:31.797"/>
</kw>
<kw name="Access website's home page" library="Resource">
<kw name="Go To" library="SeleniumLibrary">
<arg>${URL}</arg>
<doc>Navigates the current browser window to the provided ``url``.</doc>
<msg timestamp="20210403 13:07:31.799" level="INFO">Opening url 'http://automationpractice.com'</msg>
<status status="PASS" starttime="20210403 13:07:31.799" endtime="20210403 13:07:37.343"/>
</kw>
<kw name="Title Should Be" library="SeleniumLibrary">
<arg>My Store</arg>
<doc>Verifies that the current page title equals ``title``.</doc>
<msg timestamp="20210403 13:07:37.346" level="INFO">Page title is 'My Store'.</msg>
<status status="PASS" starttime="20210403 13:07:37.343" endtime="20210403 13:07:37.347"/>
</kw>
<status status="PASS" starttime="20210403 13:07:31.798" endtime="20210403 13:07:37.347"/>
</kw>
<kw name="Type in product's name &quot;nonExistingItem&quot; on the search field" library="Resource" sourcename="Type in product's name &quot;${PRODUCT}&quot; on the search field">
<kw name="Input Text" library="SeleniumLibrary">
<arg>id=search_query_top</arg>
<arg>${PRODUCT}</arg>
<doc>Types the given ``text`` into the text field identified by ``locator``.</doc>
<msg timestamp="20210403 13:07:37.348" level="INFO">Typing text 'nonExistingItem' into text field 'id=search_query_top'.</msg>
<status status="PASS" starttime="20210403 13:07:37.347" endtime="20210403 13:07:37.385"/>
</kw>
<status status="PASS" starttime="20210403 13:07:37.347" endtime="20210403 13:07:37.385"/>
</kw>
<kw name="Click &quot;Search&quot; button" library="Resource">
<kw name="Click Button" library="SeleniumLibrary">
<arg>name=submit_search</arg>
<doc>Clicks the button identified by ``locator``.</doc>
<msg timestamp="20210403 13:07:37.386" level="INFO">Clicking button 'name=submit_search'.</msg>
<status status="PASS" starttime="20210403 13:07:37.386" endtime="20210403 13:07:41.246"/>
</kw>
<status status="PASS" starttime="20210403 13:07:37.386" endtime="20210403 13:07:41.247"/>
</kw>
<kw name="Check error message &quot;No results were found for your search &quot;nonExistingItem&quot;&quot;" library="Resource" sourcename="Check error message &quot;${ERROR_MESSAGE}&quot;">
<kw name="Wait Until Element Is Visible" library="SeleniumLibrary">
<arg>xpath=/html/body/div/div[2]/div/div[3]/div[2]/p</arg>
<doc>Waits until the element ``locator`` is visible.</doc>
<status status="PASS" starttime="20210403 13:07:41.247" endtime="20210403 13:07:41.270"/>
</kw>
<kw name="Element Text Should Be" library="SeleniumLibrary">
<arg>xpath=/html/body/div/div[2]/div/div[3]/div[2]/p</arg>
<arg>${ERROR_MESSAGE}</arg>
<doc>Verifies that element ``locator`` contains exact the text ``expected``.</doc>
<msg timestamp="20210403 13:07:41.271" level="INFO">Verifying element 'xpath=/html/body/div/div[2]/div/div[3]/div[2]/p' contains exact text 'No results were found for your search "nonExistingItem"'.</msg>
<status status="PASS" starttime="20210403 13:07:41.270" endtime="20210403 13:07:41.296"/>
</kw>
<status status="PASS" starttime="20210403 13:07:41.247" endtime="20210403 13:07:41.296"/>
</kw>
<kw name="Close Browser" library="SeleniumLibrary" type="TEARDOWN">
<doc>Closes the current browser.</doc>
<status status="PASS" starttime="20210403 13:07:41.297" endtime="20210403 13:07:41.855"/>
</kw>
<status status="PASS" starttime="20210403 13:07:28.521" endtime="20210403 13:07:41.855"/>
</test>
<status status="PASS" starttime="20210403 13:07:16.276" endtime="20210403 13:07:41.856"/>
</suite>
<statistics>
<total>
<stat pass="2" fail="0" skip="0">All Tests</stat>
</total>
<tag>
</tag>
<suite>
<stat pass="2" fail="0" skip="0" id="s1" name="TestAutomationPractice">TestAutomationPractice</stat>
</suite>
</statistics>
<errors>
</errors>
</robot>
